<?xml version="1.0" encoding="UTF-8"?>
<!-- Generated by org.testng.reporters.JUnitReportReporter -->
<testsuite hostname="SharanThirumal97" failures="0" tests="1" name="com.NewV1.PageObjectClass.TC_FB_Login" time="34.542" errors="0" timestamp="24 Feb 2020 16:11:47 GMT">
  <testcase classname="com.NewV1.PageObjectClass.TC_FB_Login" name="mainTest" time="34.542"/>
</testsuite> <!-- com.NewV1.PageObjectClass.TC_FB_Login -->
